<?xml version="1.0" encoding="UTF-8"?>
<testsuite xmlns:xsi="http://www.w3.org/2001/XMLSchema-instance" xsi:noNamespaceSchemaLocation="https://maven.apache.org/surefire/maven-surefire-plugin/xsd/surefire-test-report-3.0.xsd" version="3.0" name="praktikum.api.tests.UserCreateTest" time="1.575" tests="3" errors="0" skipped="0" failures="0">
  <properties>
[...]
</properties>
  <testcase name="createDuplicateUserReturns403" classname="praktikum.api.tests.UserCreateTest" time="0.786"/>
  <testcase name="createUserWithoutEmailReturns403" classname="praktikum.api.tests.UserCreateTest" time="0.043"/>
  <testcase name="createUniqueUserReturns200" classname="praktikum.api.tests.UserCreateTest" time="0.745"/>
</testsuite>